

============================== 2023-04-18 11:45:16.296792 | ac094fd7-c374-4d35-8d6f-e9258f63c138 ==============================
[0m11:45:16.296792 [info ] [MainThread]: Running with dbt=1.4.5
[0m11:45:16.301168 [debug] [MainThread]: running dbt with arguments {'write_json': True, 'use_colors': True, 'printer_width': 80, 'version_check': True, 'partial_parse': True, 'static_parser': True, 'profiles_dir': 'C:\\Users\\vidya\\.dbt', 'send_anonymous_usage_stats': True, 'quiet': False, 'no_print': False, 'cache_selected_only': False, 'project_name': 'dbt_hol', 'skip_profile_setup': False, 'which': 'init', 'indirect_selection': 'eager'}
[0m11:45:16.302142 [debug] [MainThread]: Tracking: tracking
[0m11:45:16.303208 [debug] [MainThread]: Sending event: {'category': 'dbt', 'action': 'invocation', 'label': 'start', 'context': [<snowplow_tracker.self_describing_json.SelfDescribingJson object at 0x0000021AE3453E20>, <snowplow_tracker.self_describing_json.SelfDescribingJson object at 0x0000021AE3453A90>, <snowplow_tracker.self_describing_json.SelfDescribingJson object at 0x0000021AE34539D0>]}
[0m11:45:16.309993 [debug] [MainThread]: Starter project path: c:\users\vidya\vstoolbox\dbt-snowflake\dbt-env\lib\site-packages\dbt\include\starter_project
[0m11:48:26.908207 [info ] [MainThread]: Profile dbt_hol written to C:\Users\vidya\.dbt\profiles.yml using target's profile_template.yml and your supplied values. Run 'dbt debug' to validate the connection.
[0m11:48:26.909186 [info ] [MainThread]: 
Your new dbt project "dbt_hol" was created!

For more information on how to configure the profiles.yml file,
please consult the dbt documentation here:

  https://docs.getdbt.com/docs/configure-your-profile

One more thing:

Need help? Don't hesitate to reach out to us via GitHub issues or on Slack:

  https://community.getdbt.com/

Happy modeling!

[0m11:48:26.913198 [debug] [MainThread]: Sending event: {'category': 'dbt', 'action': 'invocation', 'label': 'end', 'context': [<snowplow_tracker.self_describing_json.SelfDescribingJson object at 0x0000021AE34539A0>, <snowplow_tracker.self_describing_json.SelfDescribingJson object at 0x0000021AE34539D0>, <snowplow_tracker.self_describing_json.SelfDescribingJson object at 0x0000021AE3453790>]}
[0m11:48:26.914188 [debug] [MainThread]: Flushing usage events


============================== 2023-04-21 23:34:57.610089 | 3b5653f6-18a0-4bdd-9213-dbd9b3cbd823 ==============================
[0m23:34:57.610089 [info ] [MainThread]: Running with dbt=1.4.5
[0m23:34:57.630757 [debug] [MainThread]: running dbt with arguments {'write_json': True, 'use_colors': True, 'printer_width': 80, 'version_check': True, 'partial_parse': True, 'static_parser': True, 'profiles_dir': 'C:\\Users\\vidya\\.dbt', 'send_anonymous_usage_stats': True, 'quiet': False, 'no_print': False, 'cache_selected_only': False, 'config_dir': False, 'which': 'debug', 'indirect_selection': 'eager'}
[0m23:34:57.631788 [debug] [MainThread]: Tracking: tracking
[0m23:34:57.631788 [debug] [MainThread]: Sending event: {'category': 'dbt', 'action': 'invocation', 'label': 'start', 'context': [<snowplow_tracker.self_describing_json.SelfDescribingJson object at 0x000002BC46B45310>, <snowplow_tracker.self_describing_json.SelfDescribingJson object at 0x000002BC46B45AF0>, <snowplow_tracker.self_describing_json.SelfDescribingJson object at 0x000002BC46B45A00>]}
[0m23:35:04.729117 [info ] [MainThread]: Error importing adapter: No module named 'dbt.adapters.bigquery'
[0m23:35:04.740210 [debug] [MainThread]: Executing "git --help"
[0m23:35:04.809751 [debug] [MainThread]: STDOUT: "b"usage: git [--version] [--help] [-C <path>] [-c <name>=<value>]\n           [--exec-path[=<path>]] [--html-path] [--man-path] [--info-path]\n           [-p | --paginate | -P | --no-pager] [--no-replace-objects] [--bare]\n           [--git-dir=<path>] [--work-tree=<path>] [--namespace=<name>]\n           <command> [<args>]\n\nThese are common Git commands used in various situations:\n\nstart a working area (see also: git help tutorial)\n   clone      Clone a repository into a new directory\n   init       Create an empty Git repository or reinitialize an existing one\n\nwork on the current change (see also: git help everyday)\n   add        Add file contents to the index\n   mv         Move or rename a file, a directory, or a symlink\n   reset      Reset current HEAD to the specified state\n   rm         Remove files from the working tree and from the index\n\nexamine the history and state (see also: git help revisions)\n   bisect     Use binary search to find the commit that introduced a bug\n   grep       Print lines matching a pattern\n   log        Show commit logs\n   show       Show various types of objects\n   status     Show the working tree status\n\ngrow, mark and tweak your common history\n   branch     List, create, or delete branches\n   checkout   Switch branches or restore working tree files\n   commit     Record changes to the repository\n   diff       Show changes between commits, commit and working tree, etc\n   merge      Join two or more development histories together\n   rebase     Reapply commits on top of another base tip\n   tag        Create, list, delete or verify a tag object signed with GPG\n\ncollaborate (see also: git help workflows)\n   fetch      Download objects and refs from another repository\n   pull       Fetch from and integrate with another repository or a local branch\n   push       Update remote refs along with associated objects\n\n'git help -a' and 'git help -g' list available subcommands and some\nconcept guides. See 'git help <command>' or 'git help <concept>'\nto read about a specific subcommand or concept.\n""
[0m23:35:04.809751 [debug] [MainThread]: STDERR: "b''"
[0m23:35:04.815273 [debug] [MainThread]: Sending event: {'category': 'dbt', 'action': 'invocation', 'label': 'end', 'context': [<snowplow_tracker.self_describing_json.SelfDescribingJson object at 0x000002BC46B45850>, <snowplow_tracker.self_describing_json.SelfDescribingJson object at 0x000002BC4771D7C0>, <snowplow_tracker.self_describing_json.SelfDescribingJson object at 0x000002BC4771D850>]}
[0m23:35:04.815273 [debug] [MainThread]: Flushing usage events


============================== 2023-04-21 23:36:41.430252 | 65c453e6-7796-4811-89e1-6feb772a3b7d ==============================
[0m23:36:41.430252 [info ] [MainThread]: Running with dbt=1.4.5
[0m23:36:41.431771 [debug] [MainThread]: running dbt with arguments {'write_json': True, 'use_colors': True, 'printer_width': 80, 'version_check': True, 'partial_parse': True, 'static_parser': True, 'profiles_dir': 'C:\\Users\\vidya\\.dbt', 'send_anonymous_usage_stats': True, 'quiet': False, 'no_print': False, 'cache_selected_only': False, 'config_dir': False, 'which': 'debug', 'indirect_selection': 'eager'}
[0m23:36:41.431771 [debug] [MainThread]: Tracking: tracking
[0m23:36:41.433825 [debug] [MainThread]: Sending event: {'category': 'dbt', 'action': 'invocation', 'label': 'start', 'context': [<snowplow_tracker.self_describing_json.SelfDescribingJson object at 0x000001E32BD54DC0>, <snowplow_tracker.self_describing_json.SelfDescribingJson object at 0x000001E32BD54A30>, <snowplow_tracker.self_describing_json.SelfDescribingJson object at 0x000001E32BD54B20>]}
[0m23:36:42.270076 [debug] [MainThread]: Executing "git --help"
[0m23:36:42.336077 [debug] [MainThread]: STDOUT: "b"usage: git [--version] [--help] [-C <path>] [-c <name>=<value>]\n           [--exec-path[=<path>]] [--html-path] [--man-path] [--info-path]\n           [-p | --paginate | -P | --no-pager] [--no-replace-objects] [--bare]\n           [--git-dir=<path>] [--work-tree=<path>] [--namespace=<name>]\n           <command> [<args>]\n\nThese are common Git commands used in various situations:\n\nstart a working area (see also: git help tutorial)\n   clone      Clone a repository into a new directory\n   init       Create an empty Git repository or reinitialize an existing one\n\nwork on the current change (see also: git help everyday)\n   add        Add file contents to the index\n   mv         Move or rename a file, a directory, or a symlink\n   reset      Reset current HEAD to the specified state\n   rm         Remove files from the working tree and from the index\n\nexamine the history and state (see also: git help revisions)\n   bisect     Use binary search to find the commit that introduced a bug\n   grep       Print lines matching a pattern\n   log        Show commit logs\n   show       Show various types of objects\n   status     Show the working tree status\n\ngrow, mark and tweak your common history\n   branch     List, create, or delete branches\n   checkout   Switch branches or restore working tree files\n   commit     Record changes to the repository\n   diff       Show changes between commits, commit and working tree, etc\n   merge      Join two or more development histories together\n   rebase     Reapply commits on top of another base tip\n   tag        Create, list, delete or verify a tag object signed with GPG\n\ncollaborate (see also: git help workflows)\n   fetch      Download objects and refs from another repository\n   pull       Fetch from and integrate with another repository or a local branch\n   push       Update remote refs along with associated objects\n\n'git help -a' and 'git help -g' list available subcommands and some\nconcept guides. See 'git help <command>' or 'git help <concept>'\nto read about a specific subcommand or concept.\n""
[0m23:36:42.336077 [debug] [MainThread]: STDERR: "b''"
[0m23:36:42.402970 [debug] [MainThread]: Acquiring new snowflake connection 'debug'
[0m23:36:42.404126 [debug] [MainThread]: Using snowflake connection "debug"
[0m23:36:42.404126 [debug] [MainThread]: On debug: select 1 as id
[0m23:36:42.405140 [debug] [MainThread]: Opening a new connection, currently in state init
[0m23:36:47.316510 [debug] [MainThread]: SQL status: SUCCESS 1 in 5 seconds
[0m23:36:47.316510 [debug] [MainThread]: On debug: Close
[0m23:36:47.894028 [debug] [MainThread]: Sending event: {'category': 'dbt', 'action': 'invocation', 'label': 'end', 'context': [<snowplow_tracker.self_describing_json.SelfDescribingJson object at 0x000001E32D8FDF10>, <snowplow_tracker.self_describing_json.SelfDescribingJson object at 0x000001E32DB474C0>, <snowplow_tracker.self_describing_json.SelfDescribingJson object at 0x000001E32D935220>]}
[0m23:36:47.895029 [debug] [MainThread]: Flushing usage events
[0m23:36:48.995624 [debug] [MainThread]: Connection 'debug' was properly closed.
